<?xml version="1.0" encoding="UTF-8"?>
<!-- Generated by org.testng.reporters.JUnitReportReporter -->
<testsuite skipped="0" hostname="BHAGYESH-VAIO" name="org.TestNGTutorial.Ex1" tests="1" failures="0" timestamp="2022-07-26T10:49:47 IST" time="0.012" errors="0">
  <testcase name="test1" time="0.012" classname="org.TestNGTutorial.Ex1"/>
  <system-out/>
</testsuite> <!-- org.TestNGTutorial.Ex1 -->
