<?xml version="1.0" encoding="UTF-8"?>
<!-- Generated by org.testng.reporters.JUnitReportReporter -->
<testsuite skipped="0" hostname="BHAGYESH-VAIO" name="org.TestNGTutorial.Annotation" tests="6" failures="0" timestamp="2022-07-26T10:46:52 IST" time="0.177" errors="0">
  <testcase name="c" time="0.058" classname="org.TestNGTutorial.Annotation"/>
  <system-out/>
  <testcase name="a" time="0.006" classname="org.TestNGTutorial.Annotation"/>
  <system-out/>
  <testcase name="A" time="0.006" classname="org.TestNGTutorial.Annotation"/>
  <system-out/>
  <testcase name="C" time="0.004" classname="org.TestNGTutorial.Annotation"/>
  <system-out/>
  <testcase name="B" time="0.005" classname="org.TestNGTutorial.Annotation"/>
  <system-out/>
  <testcase name="b" time="0.098" classname="org.TestNGTutorial.Annotation"/>
  <system-out/>
</testsuite> <!-- org.TestNGTutorial.Annotation -->
