<?xml version="1.0" encoding="UTF-8"?>
<!-- Generated by org.testng.reporters.JUnitReportReporter -->
<testsuite skipped="0" hostname="BHAGYESH-VAIO" name="org.testNG_Ex3.GroupingEx" tests="2" failures="0" timestamp="2022-07-29T14:36:52 IST" time="0.016" errors="0">
  <testcase name="test_3" time="0.013" classname="org.testNG_Ex3.GroupingEx"/>
  <system-out/>
  <testcase name="test_6" time="0.003" classname="org.testNG_Ex3.GroupingEx"/>
  <system-out/>
</testsuite> <!-- org.testNG_Ex3.GroupingEx -->
