<?xml version="1.0" encoding="UTF-8"?>
<!-- Generated by org.testng.reporters.JUnitReportReporter -->
<testsuite skipped="0" hostname="BHAGYESH-VAIO" name="org.testNG_EX1.UserManager" tests="3" failures="0" timestamp="2022-07-29T14:10:31 IST" time="0.028" errors="0">
  <testcase name="updateUser" time="0.012" classname="org.testNG_EX1.UserManager"/>
  <system-out/>
  <testcase name="deleteUser" time="0.004" classname="org.testNG_EX1.UserManager"/>
  <system-out/>
  <testcase name="createUser" time="0.012" classname="org.testNG_EX1.UserManager"/>
  <system-out/>
</testsuite> <!-- org.testNG_EX1.UserManager -->
