<?xml version="1.0" encoding="UTF-8"?>
<!-- Generated by org.testng.reporters.JUnitReportReporter -->
<testsuite skipped="0" hostname="BHAGYESH-VAIO" name="org.testNG_EX2.Parellel" tests="2" failures="0" timestamp="2022-07-28T19:11:05 IST" time="0.113" errors="0">
  <testcase name="pageTitle" time="0.081" classname="org.testNG_EX2.Parellel"/>
  <system-out/>
  <testcase name="pageUrl" time="0.032" classname="org.testNG_EX2.Parellel"/>
  <system-out/>
</testsuite> <!-- org.testNG_EX2.Parellel -->
