<?xml version="1.0" encoding="UTF-8"?>
<!-- Generated by org.testng.reporters.JUnitReportReporter -->
<testsuite skipped="0" hostname="BHAGYESH-VAIO" name="org.TestNGTutorial.RealEx" tests="2" failures="0" timestamp="2022-07-26T16:28:23 IST" time="0.034" errors="0">
  <testcase name="pageUrl" time="0.021" classname="org.TestNGTutorial.RealEx"/>
  <system-out/>
  <testcase name="pageTitle" time="0.013" classname="org.TestNGTutorial.RealEx"/>
  <system-out/>
</testsuite> <!-- org.TestNGTutorial.RealEx -->
