<?xml version="1.0" encoding="UTF-8"?>
<!-- Generated by org.testng.reporters.JUnitReportReporter -->
<testsuite skipped="0" hostname="BHAGYESH-VAIO" name="org.testNG_Ex3.Innovcation_count" tests="2" failures="0" timestamp="2022-07-29T11:45:33 IST" time="18.481" errors="0">
  <testcase name="Creatcust" time="9.012" classname="org.testNG_Ex3.Innovcation_count"/>
  <system-out/>
  <testcase name="Creatcust" time="9.469" classname="org.testNG_Ex3.Innovcation_count"/>
  <system-out/>
</testsuite> <!-- org.testNG_Ex3.Innovcation_count -->
