<?xml version="1.0" encoding="UTF-8"?>
<!-- Generated by org.testng.reporters.JUnitReportReporter -->
<testsuite skipped="0" hostname="BHAGYESH-VAIO" name="org.testNG_EX1.AccountManager" tests="3" failures="0" timestamp="2022-07-29T14:10:31 IST" time="0.026" errors="0">
  <testcase name="deleteAccount" time="0.011" classname="org.testNG_EX1.AccountManager"/>
  <system-out/>
  <testcase name="updateAccount" time="0.004" classname="org.testNG_EX1.AccountManager"/>
  <system-out/>
  <testcase name="createAccount" time="0.011" classname="org.testNG_EX1.AccountManager"/>
  <system-out/>
</testsuite> <!-- org.testNG_EX1.AccountManager -->
