<?xml version="1.0" encoding="UTF-8"?>
<!-- Generated by org.testng.reporters.JUnitReportReporter -->
<testsuite skipped="0" hostname="BHAGYESH-VAIO" name="org.testNG_EX2.ParellelTest" tests="2" failures="0" timestamp="2022-07-29T12:13:55 IST" time="23.147" errors="0">
  <testcase name="login" time="11.597" classname="org.testNG_EX2.ParellelTest"/>
  <system-out/>
  <testcase name="login_1" time="11.550" classname="org.testNG_EX2.ParellelTest"/>
  <system-out/>
</testsuite> <!-- org.testNG_EX2.ParellelTest -->
