<?xml version="1.0" encoding="UTF-8"?>
<!-- Generated by org.testng.reporters.JUnitReportReporter -->
<testsuite skipped="1" hostname="BHAGYESH-VAIO" name="org.testNG_Ex3.EnableFunction" tests="3" failures="0" timestamp="2022-09-27T15:08:21 IST" time="0.033" errors="0">
  <testcase name="createAccount" time="0.029" classname="org.testNG_Ex3.EnableFunction"/>
  <system-out/>
  <testcase name="deleteAccount" time="0.004" classname="org.testNG_Ex3.EnableFunction"/>
  <system-out/>
  <testcase name="updateAccount" classname="org.testNG_Ex3.EnableFunction">
    <skipped/>
  </testcase> <!-- updateAccount -->
  <system-out/>
</testsuite> <!-- org.testNG_Ex3.EnableFunction -->
