<?xml version="1.0" encoding="UTF-8"?>
<!-- Generated by org.testng.reporters.JUnitReportReporter -->
<testsuite skipped="0" hostname="BHAGYESH-VAIO" name="org.testNG_EX1.UserManagerStage" tests="3" failures="0" timestamp="2022-07-29T12:06:21 IST" time="0.007" errors="0">
  <testcase name="createUser" time="0.002" classname="org.testNG_EX1.UserManagerStage"/>
  <system-out/>
  <testcase name="deleteUser" time="0.002" classname="org.testNG_EX1.UserManagerStage"/>
  <system-out/>
  <testcase name="updateUser" time="0.003" classname="org.testNG_EX1.UserManagerStage"/>
  <system-out/>
</testsuite> <!-- org.testNG_EX1.UserManagerStage -->
